Using pre-set license
Built from '2020.3/staging' branch; Version is '2020.3.11f1 (99c7afb366b3) revision 10078127'; Using compiler version '192528614'; Build Type 'Release'
OS: 'Windows 10 Pro; OS build 19043.1055; Version 2009; 64bit' Language: 'ru' Physical Memory: 16366 MB
BatchMode: 1, IsHumanControllingUs: 0, StartBugReporterOnCrash: 0, Is64bit: 1, IsPro: 0

 COMMAND LINE ARGUMENTS:
C:\Program Files\Unity\Hub\Editor\2020.3.11f1\Editor\Unity.exe
-adb2
-batchMode
-noUpm
-name
AssetImportWorker0
-projectPath
C:/Users/frog8/Documents/GitHub/New-project
-logFile
Logs/AssetImportWorker0.log
-srvPort
51792
Successfully changed project path to: C:/Users/frog8/Documents/GitHub/New-project
C:/Users/frog8/Documents/GitHub/New-project
Using Asset Import Pipeline V2.
Refreshing native plugins compatible for Editor in 62.91 ms, found 2 plugins.
Preloading 0 native plugins for Editor in 0.00 ms.
Initialize engine version: 2020.3.11f1 (99c7afb366b3)
[Subsystems] Discovering subsystems at path C:/Program Files/Unity/Hub/Editor/2020.3.11f1/Editor/Data/Resources/UnitySubsystems
[Subsystems] Discovering subsystems at path C:/Users/frog8/Documents/GitHub/New-project/Assets
GfxDevice: creating device client; threaded=0
Direct3D:
    Version:  Direct3D 11.0 [level 11.1]
    Renderer: NVIDIA GeForce GTX 1050 Ti (ID=0x1c82)
    Vendor:   
    VRAM:     4018 MB
    Driver:   30.0.14.7111
Initialize mono
Mono path[0] = 'C:/Program Files/Unity/Hub/Editor/2020.3.11f1/Editor/Data/Managed'
Mono path[1] = 'C:/Program Files/Unity/Hub/Editor/2020.3.11f1/Editor/Data/MonoBleedingEdge/lib/mono/unityjit'
Mono config path = 'C:/Program Files/Unity/Hub/Editor/2020.3.11f1/Editor/Data/MonoBleedingEdge/etc'
Using monoOptions --debugger-agent=transport=dt_socket,embedding=1,server=y,suspend=n,address=127.0.0.1:56296
Begin MonoManager ReloadAssembly
Registering precompiled unity dll's ...
Register platform support module: C:/Program Files/Unity/Hub/Editor/2020.3.11f1/Editor/Data/PlaybackEngines/WebGLSupport/UnityEditor.WebGL.Extensions.dll
Register platform support module: C:/Program Files/Unity/Hub/Editor/2020.3.11f1/Editor/Data/PlaybackEngines/WindowsStandaloneSupport/UnityEditor.WindowsStandalone.Extensions.dll
Registered in 0.007481 seconds.
Native extension for WindowsStandalone target not found
Native extension for WebGL target not found
Refreshing native plugins compatible for Editor in 53.23 ms, found 2 plugins.
Preloading 0 native plugins for Editor in 0.00 ms.
Mono: successfully reloaded assembly
- Completed reload, in  5.836 seconds
Platform modules already initialized, skipping
Registering precompiled user dll's ...
Registered in 0.009021 seconds.
Begin MonoManager ReloadAssembly
Native extension for WindowsStandalone target not found
Native extension for WebGL target not found
Refreshing native plugins compatible for Editor in 0.62 ms, found 2 plugins.
Preloading 0 native plugins for Editor in 0.00 ms.
Mono: successfully reloaded assembly
- Completed reload, in  3.678 seconds
Platform modules already initialized, skipping
========================================================================
Worker process is ready to serve import requests
Launched and connected shader compiler UnityShaderCompiler.exe after 0.10 seconds
Refreshing native plugins compatible for Editor in 0.67 ms, found 2 plugins.
Preloading 0 native plugins for Editor in 0.00 ms.
Unloading 1390 Unused Serialized files (Serialized files now loaded: 0)
System memory in use before: 64.8 MB.
System memory in use after: 64.9 MB.

Unloading 19 unused Assets to reduce memory usage. Loaded Objects now: 1823.
Total: 3.021800 ms (FindLiveObjects: 0.308100 ms CreateObjectMapping: 0.088800 ms MarkObjects: 2.470600 ms  DeleteObjects: 0.152600 ms)

========================================================================
Received Import Request.
  path: Assets/Scripts/Spin.cs
  artifactKey: Guid(bd76f52f2b607594ba1a391ca0d41258) Importer(815301076,1909f56bfc062723c751e8b465ee728b)
Start importing Assets/Scripts/Spin.cs using Guid(bd76f52f2b607594ba1a391ca0d41258) Importer(815301076,1909f56bfc062723c751e8b465ee728b)  -> (artifact id: '80801cdb77415da3cfcdcbaf8ce8ddc5') in 0.060472 seconds
  Import took 0.064327 seconds .

========================================================================
Received Import Request.
  Time since last request: 601.317988 seconds.
  path: Assets/Scripts/RayShooter.cs
  artifactKey: Guid(be00ea56467b86b4b83b0632e275817f) Importer(815301076,1909f56bfc062723c751e8b465ee728b)
Start importing Assets/Scripts/RayShooter.cs using Guid(be00ea56467b86b4b83b0632e275817f) Importer(815301076,1909f56bfc062723c751e8b465ee728b)  -> (artifact id: 'b21072437a66c34a2f482c6010a2528a') in 0.013184 seconds
  Import took 0.017637 seconds .

========================================================================
Received Import Request.
  Time since last request: 1280.490490 seconds.
  path: Assets/Scripts/RayShooter.cs
  artifactKey: Guid(be00ea56467b86b4b83b0632e275817f) Importer(815301076,1909f56bfc062723c751e8b465ee728b)
Start importing Assets/Scripts/RayShooter.cs using Guid(be00ea56467b86b4b83b0632e275817f) Importer(815301076,1909f56bfc062723c751e8b465ee728b)  -> (artifact id: '60a647fc924d3d095191331f5e4b885d') in 0.006801 seconds
  Import took 0.011589 seconds .

========================================================================
Received Import Request.
  Time since last request: 82.148485 seconds.
  path: Assets/Scripts/RayShooter.cs
  artifactKey: Guid(be00ea56467b86b4b83b0632e275817f) Importer(815301076,1909f56bfc062723c751e8b465ee728b)
Start importing Assets/Scripts/RayShooter.cs using Guid(be00ea56467b86b4b83b0632e275817f) Importer(815301076,1909f56bfc062723c751e8b465ee728b)  -> (artifact id: '6c90fe1de373e832c0977e3de7336111') in 0.006666 seconds
  Import took 0.011823 seconds .

========================================================================
Received Import Request.
  Time since last request: 41.678713 seconds.
  path: Assets/Scripts/RayShooter.cs
  artifactKey: Guid(be00ea56467b86b4b83b0632e275817f) Importer(815301076,1909f56bfc062723c751e8b465ee728b)
Start importing Assets/Scripts/RayShooter.cs using Guid(be00ea56467b86b4b83b0632e275817f) Importer(815301076,1909f56bfc062723c751e8b465ee728b)  -> (artifact id: '1436b25fdec4edc0934524b8255cf6c6') in 0.005130 seconds
  Import took 0.009269 seconds .

========================================================================
Received Prepare
Registering precompiled user dll's ...
Registered in 0.008511 seconds.
Begin MonoManager ReloadAssembly
Native extension for WindowsStandalone target not found
Native extension for WebGL target not found
Refreshing native plugins compatible for Editor in 0.68 ms, found 2 plugins.
Preloading 0 native plugins for Editor in 0.00 ms.
Mono: successfully reloaded assembly
- Completed reload, in  1.678 seconds
Platform modules already initialized, skipping
Refreshing native plugins compatible for Editor in 0.52 ms, found 2 plugins.
Preloading 0 native plugins for Editor in 0.00 ms.
Unloading 1385 Unused Serialized files (Serialized files now loaded: 0)
System memory in use before: 64.8 MB.
System memory in use after: 64.9 MB.

Unloading 14 unused Assets to reduce memory usage. Loaded Objects now: 1826.
Total: 2.725800 ms (FindLiveObjects: 0.300300 ms CreateObjectMapping: 0.073900 ms MarkObjects: 2.269000 ms  DeleteObjects: 0.077500 ms)

========================================================================
Received Import Request.
  Time since last request: 56.735046 seconds.
  path: Assets/Scripts/RayShooter.cs
  artifactKey: Guid(be00ea56467b86b4b83b0632e275817f) Importer(815301076,1909f56bfc062723c751e8b465ee728b)
Start importing Assets/Scripts/RayShooter.cs using Guid(be00ea56467b86b4b83b0632e275817f) Importer(815301076,1909f56bfc062723c751e8b465ee728b)  -> (artifact id: '9b6f1778cc468c35d9bfaa7824aa737b') in 0.012461 seconds
  Import took 0.015355 seconds .

========================================================================
Received Import Request.
  Time since last request: 237.224007 seconds.
  path: Assets/Scripts/RayShooter.cs
  artifactKey: Guid(be00ea56467b86b4b83b0632e275817f) Importer(815301076,1909f56bfc062723c751e8b465ee728b)
Start importing Assets/Scripts/RayShooter.cs using Guid(be00ea56467b86b4b83b0632e275817f) Importer(815301076,1909f56bfc062723c751e8b465ee728b)  -> (artifact id: 'a4f82b6e3dde59d4fcf46249ec42b0d6') in 0.007477 seconds
  Import took 0.023206 seconds .

========================================================================
Received Import Request.
  Time since last request: 45.380060 seconds.
  path: Assets/Scripts/RayShooter.cs
  artifactKey: Guid(be00ea56467b86b4b83b0632e275817f) Importer(815301076,1909f56bfc062723c751e8b465ee728b)
Start importing Assets/Scripts/RayShooter.cs using Guid(be00ea56467b86b4b83b0632e275817f) Importer(815301076,1909f56bfc062723c751e8b465ee728b)  -> (artifact id: '29acb2b74a321ea1650fe1a63daa38de') in 0.010262 seconds
  Import took 0.024671 seconds .

========================================================================
Received Import Request.
  Time since last request: 0.003126 seconds.
  path: Assets/Scripts/RayShooter.cs
  artifactKey: Guid(be00ea56467b86b4b83b0632e275817f) Importer(815301076,1909f56bfc062723c751e8b465ee728b)
Start importing Assets/Scripts/RayShooter.cs using Guid(be00ea56467b86b4b83b0632e275817f) Importer(815301076,1909f56bfc062723c751e8b465ee728b)  -> (artifact id: '29acb2b74a321ea1650fe1a63daa38de') in 0.009192 seconds
  Import took 0.015842 seconds .

========================================================================
Received Prepare
Registering precompiled user dll's ...
Registered in 0.008171 seconds.
Begin MonoManager ReloadAssembly
Native extension for WindowsStandalone target not found
Native extension for WebGL target not found
Refreshing native plugins compatible for Editor in 0.47 ms, found 2 plugins.
Preloading 0 native plugins for Editor in 0.00 ms.
Mono: successfully reloaded assembly
- Completed reload, in  1.603 seconds
Platform modules already initialized, skipping
Refreshing native plugins compatible for Editor in 0.50 ms, found 2 plugins.
Preloading 0 native plugins for Editor in 0.00 ms.
Unloading 1385 Unused Serialized files (Serialized files now loaded: 0)
System memory in use before: 64.8 MB.
System memory in use after: 64.9 MB.

Unloading 14 unused Assets to reduce memory usage. Loaded Objects now: 1829.
Total: 3.030000 ms (FindLiveObjects: 0.259300 ms CreateObjectMapping: 0.073400 ms MarkObjects: 2.612300 ms  DeleteObjects: 0.083600 ms)

========================================================================
Received Import Request.
  Time since last request: 29.075878 seconds.
  path: Assets/Scripts/RayShooter.cs
  artifactKey: Guid(be00ea56467b86b4b83b0632e275817f) Importer(815301076,1909f56bfc062723c751e8b465ee728b)
Start importing Assets/Scripts/RayShooter.cs using Guid(be00ea56467b86b4b83b0632e275817f) Importer(815301076,1909f56bfc062723c751e8b465ee728b)  -> (artifact id: '082b2add82c964d60cb55421c48e6470') in 0.007270 seconds
  Import took 0.010702 seconds .

========================================================================
Received Import Request.
  Time since last request: 29.748460 seconds.
  path: Assets/Materials
  artifactKey: Guid(094effd375a05c24eb04d8367ae83268) Importer(815301076,1909f56bfc062723c751e8b465ee728b)
Start importing Assets/Materials using Guid(094effd375a05c24eb04d8367ae83268) Importer(815301076,1909f56bfc062723c751e8b465ee728b)  -> (artifact id: '3901387c312d8ecdd2849213fee43a3c') in 0.016256 seconds
  Import took 0.019494 seconds .

========================================================================
Received Import Request.
  Time since last request: 11.767061 seconds.
  path: Assets/Materials/New Material 1.mat
  artifactKey: Guid(af1af2318f48b05449bc4facfd1c3f26) Importer(815301076,1909f56bfc062723c751e8b465ee728b)
Start importing Assets/Materials/New Material 1.mat using Guid(af1af2318f48b05449bc4facfd1c3f26) Importer(815301076,1909f56bfc062723c751e8b465ee728b)  -> (artifact id: '6bd9e364c018f93a5fda0e859aaa4ed1') in 0.169757 seconds
  Import took 0.173760 seconds .

========================================================================
Received Import Request.
  Time since last request: 23.487130 seconds.
  path: Assets/Materials/New Material 1.mat
  artifactKey: Guid(af1af2318f48b05449bc4facfd1c3f26) Importer(815301076,1909f56bfc062723c751e8b465ee728b)
Start importing Assets/Materials/New Material 1.mat using Guid(af1af2318f48b05449bc4facfd1c3f26) Importer(815301076,1909f56bfc062723c751e8b465ee728b)  -> (artifact id: 'abda2420a29f0ef4f3d377f599fec1e2') in 0.026827 seconds
  Import took 0.032030 seconds .

========================================================================
Received Prepare
Registering precompiled user dll's ...
Registered in 0.007537 seconds.
Begin MonoManager ReloadAssembly
Native extension for WindowsStandalone target not found
Native extension for WebGL target not found
Refreshing native plugins compatible for Editor in 0.64 ms, found 2 plugins.
Preloading 0 native plugins for Editor in 0.00 ms.
Mono: successfully reloaded assembly
- Completed reload, in  1.619 seconds
Platform modules already initialized, skipping
Refreshing native plugins compatible for Editor in 0.49 ms, found 2 plugins.
Preloading 0 native plugins for Editor in 0.00 ms.
Unloading 1385 Unused Serialized files (Serialized files now loaded: 0)
System memory in use before: 68.1 MB.
System memory in use after: 68.2 MB.

Unloading 14 unused Assets to reduce memory usage. Loaded Objects now: 1872.
Total: 2.999300 ms (FindLiveObjects: 0.267600 ms CreateObjectMapping: 0.072100 ms MarkObjects: 2.583800 ms  DeleteObjects: 0.074300 ms)

========================================================================
Received Prepare
Registering precompiled user dll's ...
Registered in 0.011870 seconds.
Begin MonoManager ReloadAssembly
Native extension for WindowsStandalone target not found
Native extension for WebGL target not found
Refreshing native plugins compatible for Editor in 0.49 ms, found 2 plugins.
Preloading 0 native plugins for Editor in 0.00 ms.
Mono: successfully reloaded assembly
- Completed reload, in  1.822 seconds
Platform modules already initialized, skipping
Refreshing native plugins compatible for Editor in 0.52 ms, found 2 plugins.
Preloading 0 native plugins for Editor in 0.00 ms.
Unloading 1385 Unused Serialized files (Serialized files now loaded: 0)
System memory in use before: 68.2 MB.
System memory in use after: 68.2 MB.

Unloading 14 unused Assets to reduce memory usage. Loaded Objects now: 1875.
Total: 2.793200 ms (FindLiveObjects: 0.302300 ms CreateObjectMapping: 0.086600 ms MarkObjects: 2.326800 ms  DeleteObjects: 0.075500 ms)

========================================================================
Received Prepare
Registering precompiled user dll's ...
Registered in 0.007866 seconds.
Begin MonoManager ReloadAssembly
Native extension for WindowsStandalone target not found
Native extension for WebGL target not found
Refreshing native plugins compatible for Editor in 0.48 ms, found 2 plugins.
Preloading 0 native plugins for Editor in 0.00 ms.
Mono: successfully reloaded assembly
- Completed reload, in  1.568 seconds
Platform modules already initialized, skipping
Refreshing native plugins compatible for Editor in 0.49 ms, found 2 plugins.
Preloading 0 native plugins for Editor in 0.00 ms.
Unloading 1385 Unused Serialized files (Serialized files now loaded: 0)
System memory in use before: 68.2 MB.
System memory in use after: 68.2 MB.

Unloading 14 unused Assets to reduce memory usage. Loaded Objects now: 1878.
Total: 2.720900 ms (FindLiveObjects: 0.268700 ms CreateObjectMapping: 0.078000 ms MarkObjects: 2.289500 ms  DeleteObjects: 0.083100 ms)

========================================================================
Received Prepare
Registering precompiled user dll's ...
Registered in 0.008280 seconds.
Begin MonoManager ReloadAssembly
Native extension for WindowsStandalone target not found
Native extension for WebGL target not found
Refreshing native plugins compatible for Editor in 0.55 ms, found 2 plugins.
Preloading 0 native plugins for Editor in 0.00 ms.
Mono: successfully reloaded assembly
- Completed reload, in  1.651 seconds
Platform modules already initialized, skipping
Refreshing native plugins compatible for Editor in 0.51 ms, found 2 plugins.
Preloading 0 native plugins for Editor in 0.00 ms.
Unloading 1385 Unused Serialized files (Serialized files now loaded: 0)
System memory in use before: 68.2 MB.
System memory in use after: 68.3 MB.

Unloading 14 unused Assets to reduce memory usage. Loaded Objects now: 1881.
Total: 2.887200 ms (FindLiveObjects: 0.295800 ms CreateObjectMapping: 0.082400 ms MarkObjects: 2.437200 ms  DeleteObjects: 0.070000 ms)

========================================================================
Received Prepare
Registering precompiled user dll's ...
Registered in 0.007530 seconds.
Begin MonoManager ReloadAssembly
Native extension for WindowsStandalone target not found
Native extension for WebGL target not found
Refreshing native plugins compatible for Editor in 0.48 ms, found 2 plugins.
Preloading 0 native plugins for Editor in 0.00 ms.
Mono: successfully reloaded assembly
- Completed reload, in  1.625 seconds
Platform modules already initialized, skipping
Refreshing native plugins compatible for Editor in 0.53 ms, found 2 plugins.
Preloading 0 native plugins for Editor in 0.00 ms.
Unloading 1385 Unused Serialized files (Serialized files now loaded: 0)
System memory in use before: 68.2 MB.
System memory in use after: 68.3 MB.

Unloading 14 unused Assets to reduce memory usage. Loaded Objects now: 1884.
Total: 2.795500 ms (FindLiveObjects: 0.312900 ms CreateObjectMapping: 0.079000 ms MarkObjects: 2.329500 ms  DeleteObjects: 0.072700 ms)

========================================================================
Received Prepare
Registering precompiled user dll's ...
Registered in 0.008383 seconds.
Begin MonoManager ReloadAssembly
Native extension for WindowsStandalone target not found
Native extension for WebGL target not found
Refreshing native plugins compatible for Editor in 0.51 ms, found 2 plugins.
Preloading 0 native plugins for Editor in 0.00 ms.
Mono: successfully reloaded assembly
- Completed reload, in  1.694 seconds
Platform modules already initialized, skipping
Refreshing native plugins compatible for Editor in 0.55 ms, found 2 plugins.
Preloading 0 native plugins for Editor in 0.00 ms.
Unloading 1385 Unused Serialized files (Serialized files now loaded: 0)
System memory in use before: 68.2 MB.
System memory in use after: 68.3 MB.

Unloading 14 unused Assets to reduce memory usage. Loaded Objects now: 1887.
Total: 2.452400 ms (FindLiveObjects: 0.282400 ms CreateObjectMapping: 0.072200 ms MarkObjects: 2.031100 ms  DeleteObjects: 0.065400 ms)

========================================================================
Received Prepare
Registering precompiled user dll's ...
Registered in 0.007378 seconds.
Begin MonoManager ReloadAssembly
Native extension for WindowsStandalone target not found
Native extension for WebGL target not found
Refreshing native plugins compatible for Editor in 0.48 ms, found 2 plugins.
Preloading 0 native plugins for Editor in 0.00 ms.
Mono: successfully reloaded assembly
- Completed reload, in  1.568 seconds
Platform modules already initialized, skipping
Refreshing native plugins compatible for Editor in 0.47 ms, found 2 plugins.
Preloading 0 native plugins for Editor in 0.00 ms.
Unloading 1385 Unused Serialized files (Serialized files now loaded: 0)
System memory in use before: 68.2 MB.
System memory in use after: 68.3 MB.

Unloading 14 unused Assets to reduce memory usage. Loaded Objects now: 1890.
Total: 2.734600 ms (FindLiveObjects: 0.270300 ms CreateObjectMapping: 0.072200 ms MarkObjects: 2.324600 ms  DeleteObjects: 0.065900 ms)

AssetImportWorkerClient::OnTransportError - code=2 error=End of file
